<?xml version="1.0" encoding="UTF-8"?>
<testng-results ignored="0" total="1" passed="1" failed="0" skipped="0">
  <reporter-output>
  </reporter-output>
  <suite started-at="2022-01-12T14:23:20 EET" name="Default suite" finished-at="2022-01-12T14:24:08 EET" duration-ms="47594">
    <groups>
    </groups>
    <test started-at="2022-01-12T14:23:20 EET" name="Default test" finished-at="2022-01-12T14:24:08 EET" duration-ms="47594">
      <class name="testcase.LoginTest">
        <test-method is-config="true" signature="setUp()[pri:0, instance:testcase.LoginTest@63376bed]" started-at="2022-01-12T14:23:20 EET" name="setUp" finished-at="2022-01-12T14:24:00 EET" duration-ms="39840" status="PASS">
          <reporter-output>
          </reporter-output>
        </test-method> <!-- setUp -->
        <test-method signature="loginToApp()[pri:0, instance:testcase.LoginTest@63376bed]" started-at="2022-01-12T14:24:00 EET" name="loginToApp" finished-at="2022-01-12T14:24:07 EET" duration-ms="6967" status="PASS">
          <reporter-output>
          </reporter-output>
        </test-method> <!-- loginToApp -->
        <test-method is-config="true" signature="tearDown()[pri:0, instance:testcase.LoginTest@63376bed]" started-at="2022-01-12T14:24:07 EET" name="tearDown" finished-at="2022-01-12T14:24:08 EET" duration-ms="608" status="PASS">
          <reporter-output>
          </reporter-output>
        </test-method> <!-- tearDown -->
      </class> <!-- testcase.LoginTest -->
    </test> <!-- Default test -->
  </suite> <!-- Default suite -->
</testng-results>
